2021-06-23 14:51:04,395 INFO  [org.jboss.modules] (main) JBoss Modules version 1.11.0.Final
2021-06-23 14:51:05,243 INFO  [org.jboss.msc] (main) JBoss MSC version 1.4.12.Final
2021-06-23 14:51:05,257 INFO  [org.jboss.threads] (main) JBoss Threads version 2.4.0.Final
2021-06-23 14:51:05,518 INFO  [org.jboss.as] (MSC service thread 1-2) WFLYSRV0049: WildFly Full 23.0.2.Final (WildFly Core 15.0.1.Final) starting
2021-06-23 14:51:05,524 DEBUG [org.jboss.as.config] (MSC service thread 1-2) Configured system properties:
	[Standalone] = 
	awt.toolkit = sun.awt.X11.XToolkit
	file.encoding = ANSI_X3.4-1968
	file.separator = /
	java.awt.graphicsenv = sun.awt.X11GraphicsEnvironment
	java.awt.headless = true
	java.awt.printerjob = sun.print.PSPrinterJob
	java.class.path = /opt/jboss/wildfly/jboss-modules.jar
	java.class.version = 55.0
	java.home = /usr/lib/jvm/java-11-openjdk-11.0.8.10-0.el7_8.x86_64
	java.io.tmpdir = /tmp
	java.library.path = /usr/java/packages/lib:/usr/lib64:/lib64:/lib:/usr/lib
	java.net.preferIPv4Stack = true
	java.runtime.name = OpenJDK Runtime Environment
	java.runtime.version = 11.0.8+10-LTS
	java.specification.name = Java Platform API Specification
	java.specification.vendor = Oracle Corporation
	java.specification.version = 11
	java.util.logging.manager = org.jboss.logmanager.LogManager
	java.vendor = N/A
	java.vendor.url = https://openjdk.java.net/
	java.vendor.url.bug = https://bugreport.java.com/bugreport/
	java.vendor.version = 18.9
	java.version = 11.0.8
	java.version.date = 2020-07-14
	java.vm.compressedOopsMode = 32-bit
	java.vm.info = mixed mode, sharing
	java.vm.name = OpenJDK 64-Bit Server VM
	java.vm.specification.name = Java Virtual Machine Specification
	java.vm.specification.vendor = Oracle Corporation
	java.vm.specification.version = 11
	java.vm.vendor = Oracle Corporation
	java.vm.version = 11.0.8+10-LTS
	javax.management.builder.initial = org.jboss.as.jmx.PluggableMBeanServerBuilder
	jboss.bind.address = 0.0.0.0
	jboss.bind.address.management = 0.0.0.0
	jboss.home.dir = /opt/jboss/wildfly
	jboss.host.name = 234265de9321
	jboss.modules.dir = /opt/jboss/wildfly/modules
	jboss.modules.system.pkgs = org.jboss.byteman
	jboss.node.name = 234265de9321
	jboss.qualified.host.name = 234265de9321
	jboss.server.base.dir = /opt/jboss/wildfly/standalone
	jboss.server.config.dir = /opt/jboss/wildfly/standalone/configuration
	jboss.server.data.dir = /opt/jboss/wildfly/standalone/data
	jboss.server.deploy.dir = /opt/jboss/wildfly/standalone/data/content
	jboss.server.log.dir = /opt/jboss/wildfly/standalone/log
	jboss.server.name = 234265de9321
	jboss.server.persist.config = true
	jboss.server.temp.dir = /opt/jboss/wildfly/standalone/tmp
	jdk.debug = release
	line.separator = 

	logging.configuration = file:/opt/jboss/wildfly/standalone/configuration/logging.properties
	module.path = /opt/jboss/wildfly/modules
	org.jboss.boot.log.file = /opt/jboss/wildfly/standalone/log/server.log
	org.jboss.resolver.warning = true
	os.arch = amd64
	os.name = Linux
	os.version = 5.4.0-1049-aws
	path.separator = :
	sun.arch.data.model = 64
	sun.boot.library.path = /usr/lib/jvm/java-11-openjdk-11.0.8.10-0.el7_8.x86_64/lib
	sun.cpu.endian = little
	sun.cpu.isalist = 
	sun.io.unicode.encoding = UnicodeLittle
	sun.java.command = /opt/jboss/wildfly/jboss-modules.jar -mp /opt/jboss/wildfly/modules org.jboss.as.standalone -Djboss.home.dir=/opt/jboss/wildfly -Djboss.server.base.dir=/opt/jboss/wildfly/standalone -b 0.0.0.0 -bmanagement 0.0.0.0
	sun.java.launcher = SUN_STANDARD
	sun.jnu.encoding = ANSI_X3.4-1968
	sun.management.compiler = HotSpot 64-Bit Tiered Compilers
	sun.os.patch.level = unknown
	user.country = US
	user.dir = /tmp/slave1/workspace/Demo_Pipeline/CICD
	user.home = /opt/jboss
	user.language = en
	user.name = jboss
	user.timezone = UTC
2021-06-23 14:51:05,529 DEBUG [org.jboss.as.config] (MSC service thread 1-2) VM Arguments: -D[Standalone] -Xms64m -Xmx512m -XX:MetaspaceSize=96M -XX:MaxMetaspaceSize=256m -Djava.net.preferIPv4Stack=true -Djboss.modules.system.pkgs=org.jboss.byteman -Djava.awt.headless=true --add-exports=java.base/sun.nio.ch=ALL-UNNAMED --add-exports=jdk.unsupported/sun.misc=ALL-UNNAMED --add-exports=jdk.unsupported/sun.reflect=ALL-UNNAMED -Dorg.jboss.boot.log.file=/opt/jboss/wildfly/standalone/log/server.log -Dlogging.configuration=file:/opt/jboss/wildfly/standalone/configuration/logging.properties 
2021-06-23 14:51:07,129 INFO  [org.wildfly.security] (ServerService Thread Pool -- 28) ELY00001: WildFly Elytron version 1.15.3.Final
2021-06-23 14:51:07,710 INFO  [org.jboss.as.controller.management-deprecated] (ServerService Thread Pool -- 30) WFLYCTL0033: Extension 'security' is deprecated and may not be supported in future versions
2021-06-23 14:51:08,184 INFO  [org.jboss.as.controller.management-deprecated] (Controller Boot Thread) WFLYCTL0028: Attribute 'security-realm' in the resource at address '/core-service=management/management-interface=http-interface' is deprecated, and may be removed in a future version. See the attribute description in the output of the read-resource-description operation to learn more about the deprecation.
2021-06-23 14:51:08,264 INFO  [org.jboss.as.controller.management-deprecated] (ServerService Thread Pool -- 3) WFLYCTL0028: Attribute 'security-realm' in the resource at address '/subsystem=undertow/server=default-server/https-listener=https' is deprecated, and may be removed in a future version. See the attribute description in the output of the read-resource-description operation to learn more about the deprecation.
2021-06-23 14:51:08,366 INFO  [org.jboss.as.repository] (ServerService Thread Pool -- 30) WFLYDR0001: Content added at location /opt/jboss/wildfly/standalone/data/content/cd/84e8f023d78c3897d33ab753050f7f5e13b4a5/content
2021-06-23 14:51:08,460 INFO  [org.jboss.as.server] (Controller Boot Thread) WFLYSRV0039: Creating http management service using socket-binding (management-http)
2021-06-23 14:51:08,487 INFO  [org.xnio] (MSC service thread 1-2) XNIO version 3.8.4.Final
2021-06-23 14:51:08,510 INFO  [org.xnio.nio] (MSC service thread 1-2) XNIO NIO Implementation Version 3.8.4.Final
2021-06-23 14:51:08,608 INFO  [org.jboss.as.clustering.infinispan] (ServerService Thread Pool -- 53) WFLYCLINF0001: Activating Infinispan subsystem.
2021-06-23 14:51:08,624 INFO  [org.jboss.as.security] (ServerService Thread Pool -- 72) WFLYSEC0002: Activating Security Subsystem
2021-06-23 14:51:08,643 INFO  [org.jboss.as.webservices] (ServerService Thread Pool -- 76) WFLYWS0002: Activating WebServices Extension
2021-06-23 14:51:08,622 INFO  [org.jboss.as.naming] (ServerService Thread Pool -- 66) WFLYNAM0001: Activating Naming Subsystem
2021-06-23 14:51:08,610 WARN  [org.jboss.as.txn] (ServerService Thread Pool -- 74) WFLYTX0013: The node-identifier attribute on the /subsystem=transactions is set to the default value. This is a danger for environments running multiple servers. Please make sure the attribute value is unique.
2021-06-23 14:51:08,710 INFO  [org.wildfly.extension.microprofile.config.smallrye._private] (ServerService Thread Pool -- 63) WFLYCONF0001: Activating WildFly MicroProfile Config Subsystem
2021-06-23 14:51:08,647 INFO  [org.jboss.as.jsf] (ServerService Thread Pool -- 60) WFLYJSF0007: Activated the following Jakarta Server Faces Implementations: [main]
2021-06-23 14:51:08,726 INFO  [org.wildfly.extension.health] (ServerService Thread Pool -- 52) WFLYHEALTH0001: Activating Base Health Subsystem
2021-06-23 14:51:08,744 INFO  [org.wildfly.extension.metrics] (ServerService Thread Pool -- 62) WFLYMETRICS0001: Activating Base Metrics Subsystem
2021-06-23 14:51:08,720 INFO  [org.wildfly.extension.io] (ServerService Thread Pool -- 54) WFLYIO001: Worker 'default' has auto-configured to 4 IO threads with 32 max task threads based on your 2 available processors
2021-06-23 14:51:08,754 INFO  [org.wildfly.extension.microprofile.opentracing] (ServerService Thread Pool -- 65) WFLYTRACEXT0001: Activating MicroProfile OpenTracing Subsystem
2021-06-23 14:51:08,755 INFO  [org.wildfly.extension.microprofile.jwt.smallrye._private] (ServerService Thread Pool -- 64) WFLYJWT0001: Activating WildFly MicroProfile JWT Subsystem
2021-06-23 14:51:08,769 INFO  [org.jboss.as.jaxrs] (ServerService Thread Pool -- 55) WFLYRS0016: RESTEasy version 3.15.1.Final
2021-06-23 14:51:08,797 INFO  [org.jboss.remoting] (MSC service thread 1-1) JBoss Remoting version 5.0.20.Final
2021-06-23 14:51:08,814 INFO  [org.jboss.as.security] (MSC service thread 1-4) WFLYSEC0001: Current PicketBox version=5.0.3.Final-redhat-00007
2021-06-23 14:51:08,883 INFO  [org.jboss.as.connector] (MSC service thread 1-1) WFLYJCA0009: Starting Jakarta Connectors Subsystem (WildFly/IronJacamar 1.4.27.Final)
2021-06-23 14:51:08,905 INFO  [org.jboss.as.connector.subsystems.datasources] (ServerService Thread Pool -- 44) WFLYJCA0004: Deploying JDBC-compliant driver class org.h2.Driver (version 1.4)
2021-06-23 14:51:08,998 INFO  [org.wildfly.extension.undertow] (MSC service thread 1-3) WFLYUT0003: Undertow 2.2.5.Final starting
2021-06-23 14:51:09,043 INFO  [org.jboss.as.connector.deployers.jdbc] (MSC service thread 1-1) WFLYJCA0018: Started Driver service with driver-name = h2
2021-06-23 14:51:09,123 INFO  [org.jboss.as.naming] (MSC service thread 1-2) WFLYNAM0003: Starting Naming Service
2021-06-23 14:51:09,140 INFO  [org.jboss.as.mail.extension] (MSC service thread 1-2) WFLYMAIL0001: Bound mail session [java:jboss/mail/Default]
2021-06-23 14:51:09,167 INFO  [org.wildfly.extension.undertow] (ServerService Thread Pool -- 75) WFLYUT0014: Creating file handler for path '/opt/jboss/wildfly/welcome-content' with options [directory-listing: 'false', follow-symlink: 'false', case-sensitive: 'true', safe-symlink-paths: '[]']
2021-06-23 14:51:09,333 WARN  [org.wildfly.extension.elytron] (MSC service thread 1-3) WFLYELY00023: KeyStore file '/opt/jboss/wildfly/standalone/configuration/application.keystore' does not exist. Used blank.
2021-06-23 14:51:09,372 INFO  [org.jboss.as.ejb3] (MSC service thread 1-1) WFLYEJB0481: Strict pool slsb-strict-max-pool is using a max instance size of 32 (per class), which is derived from thread worker pool sizing.
2021-06-23 14:51:09,372 INFO  [org.jboss.as.ejb3] (MSC service thread 1-2) WFLYEJB0482: Strict pool mdb-strict-max-pool is using a max instance size of 8 (per class), which is derived from the number of CPUs on this host.
2021-06-23 14:51:09,398 WARN  [org.wildfly.extension.elytron] (MSC service thread 1-3) WFLYELY01084: KeyStore /opt/jboss/wildfly/standalone/configuration/application.keystore not found, it will be auto generated on first use with a self-signed certificate for host localhost
2021-06-23 14:51:09,444 INFO  [org.wildfly.extension.undertow] (MSC service thread 1-3) WFLYUT0012: Started server default-server.
2021-06-23 14:51:09,540 INFO  [org.wildfly.extension.undertow] (MSC service thread 1-4) Queuing requests.
2021-06-23 14:51:09,552 INFO  [org.wildfly.extension.undertow] (MSC service thread 1-4) WFLYUT0018: Host default-host starting
2021-06-23 14:51:09,752 INFO  [org.wildfly.extension.undertow] (MSC service thread 1-4) WFLYUT0006: Undertow HTTP listener default listening on 0.0.0.0:8080
2021-06-23 14:51:09,837 INFO  [org.jboss.as.ejb3] (MSC service thread 1-3) WFLYEJB0493: Jakarta Enterprise Beans subsystem suspension complete
2021-06-23 14:51:09,968 INFO  [org.jboss.as.connector.subsystems.datasources] (MSC service thread 1-2) WFLYJCA0001: Bound data source [java:jboss/datasources/ExampleDS]
2021-06-23 14:51:10,262 INFO  [org.jboss.as.patching] (MSC service thread 1-2) WFLYPAT0050: WildFly Full cumulative patch ID is: base, one-off patches include: none
2021-06-23 14:51:10,333 WARN  [org.jboss.as.domain.management.security] (MSC service thread 1-1) WFLYDM0111: Keystore /opt/jboss/wildfly/standalone/configuration/application.keystore not found, it will be auto generated on first use with a self signed certificate for host localhost
2021-06-23 14:51:10,366 INFO  [org.jboss.as.server.deployment.scanner] (MSC service thread 1-3) WFLYDS0013: Started FileSystemDeploymentService for directory /opt/jboss/wildfly/standalone/deployments
2021-06-23 14:51:10,404 INFO  [org.jboss.as.server.deployment] (MSC service thread 1-3) WFLYSRV0027: Starting deployment of "samplewar.war" (runtime-name: "samplewar.war")
2021-06-23 14:51:10,436 INFO  [org.wildfly.extension.undertow] (MSC service thread 1-4) WFLYUT0006: Undertow HTTPS listener https listening on 0.0.0.0:8443
2021-06-23 14:51:10,606 INFO  [org.jboss.ws.common.management] (MSC service thread 1-3) JBWS022052: Starting JBossWS 5.4.3.Final (Apache CXF 3.3.10) 
2021-06-23 14:51:12,080 INFO  [org.infinispan.CONTAINER] (ServerService Thread Pool -- 78) ISPN000128: Infinispan version: Infinispan 'Corona Extra' 11.0.9.Final
2021-06-23 14:51:12,191 INFO  [org.infinispan.CONFIG] (MSC service thread 1-3) ISPN000152: Passivation configured without an eviction policy being selected. Only manually evicted entities will be passivated.
2021-06-23 14:51:12,199 INFO  [org.infinispan.CONFIG] (MSC service thread 1-3) ISPN000152: Passivation configured without an eviction policy being selected. Only manually evicted entities will be passivated.
2021-06-23 14:51:12,395 INFO  [org.infinispan.PERSISTENCE] (ServerService Thread Pool -- 78) ISPN000556: Starting user marshaller 'org.wildfly.clustering.infinispan.spi.marshalling.InfinispanProtoStreamMarshaller'
2021-06-23 14:51:12,706 INFO  [org.jboss.as.clustering.infinispan] (ServerService Thread Pool -- 78) WFLYCLINF0002: Started http-remoting-connector cache from ejb container
2021-06-23 14:51:12,887 INFO  [org.wildfly.extension.undertow] (ServerService Thread Pool -- 78) WFLYUT0021: Registered web context: '/samplewar' for server 'default-server'
2021-06-23 14:51:12,980 INFO  [org.jboss.as.server] (ServerService Thread Pool -- 45) WFLYSRV0010: Deployed "samplewar.war" (runtime-name : "samplewar.war")
2021-06-23 14:51:13,044 INFO  [org.jboss.as.server] (Controller Boot Thread) WFLYSRV0212: Resuming server
2021-06-23 14:51:13,050 INFO  [org.jboss.as] (Controller Boot Thread) WFLYSRV0025: WildFly Full 23.0.2.Final (WildFly Core 15.0.1.Final) started in 9229ms - Started 420 of 622 services (349 services are lazy, passive or on-demand)
2021-06-23 14:51:13,052 INFO  [org.jboss.as] (Controller Boot Thread) WFLYSRV0060: Http management interface listening on http://0.0.0.0:9990/management
2021-06-23 14:51:13,057 INFO  [org.jboss.as] (Controller Boot Thread) WFLYSRV0051: Admin console listening on http://0.0.0.0:9990
